f:\study\visual studio 2015\carplaterecognize\carplaterecognize\generatedfiles\debug\moc_mainwindow.cpp
f:\study\visual studio 2015\carplaterecognize\carplaterecognize\generatedfiles\qrc_carplaterecognize.cpp
f:\study\visual studio 2015\carplaterecognize\carplaterecognize\x64\debug\platerecognition.obj
f:\study\visual studio 2015\carplaterecognize\carplaterecognize\x64\debug\mainwindow.obj
f:\study\visual studio 2015\carplaterecognize\carplaterecognize\x64\debug\platelocation.obj
f:\study\visual studio 2015\carplaterecognize\carplaterecognize\x64\debug\main.obj
f:\study\visual studio 2015\carplaterecognize\carplaterecognize\x64\debug\moc_mainwindow.obj
f:\study\visual studio 2015\carplaterecognize\carplaterecognize\x64\debug\charrecognition.obj
f:\study\visual studio 2015\carplaterecognize\carplaterecognize\x64\debug\qrc_carplaterecognize.obj
f:\study\visual studio 2015\carplaterecognize\carplaterecognize\x64\debug\charpartition.obj
f:\study\visual studio 2015\carplaterecognize\carplaterecognize\x64\debug\vc140.pdb
f:\study\visual studio 2015\carplaterecognize\x64\debug\carplaterecognize.ilk
f:\study\visual studio 2015\carplaterecognize\x64\debug\carplaterecognize.exe
f:\study\visual studio 2015\carplaterecognize\x64\debug\carplaterecognize.pdb
f:\study\visual studio 2015\carplaterecognize\carplaterecognize\x64\debug\carplate.b12702ad.tlog\carplaterecognize.write.1u.tlog
f:\study\visual studio 2015\carplaterecognize\carplaterecognize\x64\debug\carplate.b12702ad.tlog\cl.command.1.tlog
f:\study\visual studio 2015\carplaterecognize\carplaterecognize\x64\debug\carplate.b12702ad.tlog\cl.read.1.tlog
f:\study\visual studio 2015\carplaterecognize\carplaterecognize\x64\debug\carplate.b12702ad.tlog\cl.write.1.tlog
f:\study\visual studio 2015\carplaterecognize\carplaterecognize\x64\debug\carplate.b12702ad.tlog\link.command.1.tlog
f:\study\visual studio 2015\carplaterecognize\carplaterecognize\x64\debug\carplate.b12702ad.tlog\link.read.1.tlog
f:\study\visual studio 2015\carplaterecognize\carplaterecognize\x64\debug\carplate.b12702ad.tlog\link.write.1.tlog
